[6396:19704:0418/230540.514:WARNING:chrome_main_delegate.cc(745)] This is Chrome version 128.0.6613.138 (not a warning)
[6396:7072:0418/230540.568:ERROR:google_update_settings.cc(265)] Failed opening key Software\Chromium to set usagestats; result: 5
[6396:19704:0418/230540.612:WARNING:account_consistency_mode_manager.cc(77)] Desktop Identity Consistency cannot be enabled as no OAuth client ID and client secret have been configured.
[6396:19704:0418/230545.942:ERROR:device_event_log_impl.cc(196)] [23:05:45.864] USB: usb_service_win.cc:105 SetupDiGetDeviceProperty({{A45C254E-DF1C-4EFD-8020-67D146A850E0}, 6}) failed: Элемент не найден. (0x490)
[19432:9580:0418/230546.738:WARNING:frame_impl.cc(430)] virtual CefFrameImpl::SendProcessMessage sent to detached frame 5-73FAC34F787FBC08B10AF6583879AADF will be ignored
[16312:8104:0418/230548.905:WARNING:frame_impl.cc(430)] virtual CefFrameImpl::SendProcessMessage sent to detached frame 6-6FC1B25C04C46357F67F622462C6A71E will be ignored
[8148:6380:0418/230548.973:ERROR:shared_image_manager.cc(224)] SharedImageManager::ProduceSkia: Trying to Produce a Skia representation from a non-existent mailbox.
[8148:13888:0418/234722.072:VERBOSE1:capture_resolution_chooser.cc(205)] Recomputed snapped frame sizes: 1x1
[8148:13888:0418/234722.084:VERBOSE1:capture_resolution_chooser.cc(205)] Recomputed snapped frame sizes: 1632x976
[8148:13888:0418/234722.084:VERBOSE1:capture_resolution_chooser.cc(157)] Recomputed capture size from 1x1 to 1632x976 (100% of ideal size)
[8148:13888:0418/234722.253:VERBOSE1:video_capture_oracle.cc(250)] Client rejects proposal to capture frame (at #16).
[8148:13888:0418/234722.268:VERBOSE1:video_capture_oracle.cc(250)] Client rejects proposal to capture frame (at #16).
[8148:13888:0418/234722.281:VERBOSE1:video_capture_oracle.cc(250)] Client rejects proposal to capture frame (at #16).
[6396:16368:0418/234749.522:ERROR:cast_crl.cc(443)] CRL - Verification failed.
[8148:13888:0418/234956.999:VERBOSE1:capture_resolution_chooser.cc(205)] Recomputed snapped frame sizes: 1x1
[8148:13888:0418/234957.061:VERBOSE1:capture_resolution_chooser.cc(205)] Recomputed snapped frame sizes: 1920x976
[8148:13888:0418/234957.061:VERBOSE1:capture_resolution_chooser.cc(157)] Recomputed capture size from 1x1 to 1920x976 (100% of ideal size)
[8148:13888:0418/234957.181:VERBOSE1:video_capture_oracle.cc(250)] Client rejects proposal to capture frame (at #35).
[8148:13888:0418/234957.195:VERBOSE1:video_capture_oracle.cc(250)] Client rejects proposal to capture frame (at #35).
[8148:13888:0418/234957.210:VERBOSE1:video_capture_oracle.cc(250)] Client rejects proposal to capture frame (at #35).
[8148:13888:0418/235000.256:VERBOSE1:video_capture_oracle.cc(250)] Client rejects proposal to capture frame (at #93).
[8148:13888:0418/235000.283:VERBOSE1:video_capture_oracle.cc(250)] Client rejects proposal to capture frame (at #93).
[8148:13888:0418/235000.299:VERBOSE1:video_capture_oracle.cc(250)] Client rejects proposal to capture frame (at #93).
[8148:13888:0418/235000.314:VERBOSE1:video_capture_oracle.cc(250)] Client rejects proposal to capture frame (at #93).
[8148:13888:0418/235000.330:VERBOSE1:video_capture_oracle.cc(250)] Client rejects proposal to capture frame (at #93).
[8148:13888:0418/235000.345:VERBOSE1:video_capture_oracle.cc(250)] Client rejects proposal to capture frame (at #93).
[8148:13888:0418/235000.360:VERBOSE1:video_capture_oracle.cc(250)] Client rejects proposal to capture frame (at #93).
[8148:13888:0418/235000.377:VERBOSE1:video_capture_oracle.cc(250)] Client rejects proposal to capture frame (at #93).
[8148:13888:0418/235000.426:VERBOSE1:video_capture_oracle.cc(250)] Client rejects proposal to capture frame (at #95).
[8148:13888:0418/235000.442:VERBOSE1:video_capture_oracle.cc(250)] Client rejects proposal to capture frame (at #95).
[8148:13888:0418/235000.470:VERBOSE1:video_capture_oracle.cc(250)] Client rejects proposal to capture frame (at #95).
[8148:13888:0418/235000.486:VERBOSE1:video_capture_oracle.cc(250)] Client rejects proposal to capture frame (at #95).
[8148:13888:0418/235000.501:VERBOSE1:video_capture_oracle.cc(250)] Client rejects proposal to capture frame (at #95).
[8148:13888:0418/235000.519:VERBOSE1:video_capture_oracle.cc(250)] Client rejects proposal to capture frame (at #95).
[8148:13888:0418/235000.532:VERBOSE1:video_capture_oracle.cc(250)] Client rejects proposal to capture frame (at #95).
[8148:13888:0418/235000.554:VERBOSE1:video_capture_oracle.cc(250)] Client rejects proposal to capture frame (at #95).
[8148:13888:0418/235000.564:VERBOSE1:video_capture_oracle.cc(250)] Client rejects proposal to capture frame (at #95).
[8148:13888:0418/235000.579:VERBOSE1:video_capture_oracle.cc(250)] Client rejects proposal to capture frame (at #95).
[8148:13888:0418/235000.595:VERBOSE1:video_capture_oracle.cc(250)] Client rejects proposal to capture frame (at #95).
[8148:13888:0418/235000.626:VERBOSE1:video_capture_oracle.cc(250)] Client rejects proposal to capture frame (at #95).
[8148:13888:0418/235000.640:VERBOSE1:video_capture_oracle.cc(250)] Client rejects proposal to capture frame (at #95).
[8148:13888:0418/235000.657:VERBOSE1:video_capture_oracle.cc(250)] Client rejects proposal to capture frame (at #95).
[8148:13888:0418/235000.673:VERBOSE1:video_capture_oracle.cc(250)] Client rejects proposal to capture frame (at #95).
[8148:13888:0418/235000.705:VERBOSE1:video_capture_oracle.cc(250)] Client rejects proposal to capture frame (at #95).
[8148:13888:0418/235000.759:VERBOSE1:video_capture_oracle.cc(250)] Client rejects proposal to capture frame (at #98).
[8148:13888:0418/235000.783:VERBOSE1:video_capture_oracle.cc(250)] Client rejects proposal to capture frame (at #98).
[8148:13888:0418/235000.798:VERBOSE1:video_capture_oracle.cc(250)] Client rejects proposal to capture frame (at #98).
[8148:13888:0418/235000.814:VERBOSE1:video_capture_oracle.cc(250)] Client rejects proposal to capture frame (at #98).
[8148:13888:0418/235000.829:VERBOSE1:video_capture_oracle.cc(250)] Client rejects proposal to capture frame (at #98).
[8148:13888:0418/235000.844:VERBOSE1:video_capture_oracle.cc(250)] Client rejects proposal to capture frame (at #98).
[8148:13888:0418/235000.860:VERBOSE1:video_capture_oracle.cc(250)] Client rejects proposal to capture frame (at #98).
[8148:13888:0418/235000.877:VERBOSE1:video_capture_oracle.cc(250)] Client rejects proposal to capture frame (at #98).
[8148:13888:0418/235000.897:VERBOSE1:video_capture_oracle.cc(250)] Client rejects proposal to capture frame (at #98).
[8148:13888:0418/235000.911:VERBOSE1:video_capture_oracle.cc(250)] Client rejects proposal to capture frame (at #98).
[8148:13888:0418/235000.923:VERBOSE1:video_capture_oracle.cc(250)] Client rejects proposal to capture frame (at #98).
[8148:13888:0418/235000.954:VERBOSE1:video_capture_oracle.cc(250)] Client rejects proposal to capture frame (at #98).
[8148:13888:0418/235000.965:VERBOSE1:video_capture_oracle.cc(250)] Client rejects proposal to capture frame (at #98).
[8148:13888:0418/235000.988:VERBOSE1:video_capture_oracle.cc(250)] Client rejects proposal to capture frame (at #98).
[8148:13888:0418/235001.001:VERBOSE1:video_capture_oracle.cc(250)] Client rejects proposal to capture frame (at #98).
[8148:13888:0418/235001.016:VERBOSE1:video_capture_oracle.cc(250)] Client rejects proposal to capture frame (at #98).
[8148:13888:0418/235001.031:VERBOSE1:video_capture_oracle.cc(250)] Client rejects proposal to capture frame (at #98).
[8148:13888:0418/235001.100:VERBOSE1:video_capture_oracle.cc(250)] Client rejects proposal to capture frame (at #101).
[8148:13888:0418/235001.115:VERBOSE1:video_capture_oracle.cc(250)] Client rejects proposal to capture frame (at #101).
[8148:13888:0418/235003.221:VERBOSE1:video_capture_oracle.cc(250)] Client rejects proposal to capture frame (at #112).
[8148:13888:0418/235003.235:VERBOSE1:video_capture_oracle.cc(250)] Client rejects proposal to capture frame (at #112).
[8148:13888:0418/235003.252:VERBOSE1:video_capture_oracle.cc(250)] Client rejects proposal to capture frame (at #112).
[8148:13888:0418/235003.268:VERBOSE1:video_capture_oracle.cc(250)] Client rejects proposal to capture frame (at #112).
[8148:13888:0418/235003.284:VERBOSE1:video_capture_oracle.cc(250)] Client rejects proposal to capture frame (at #112).
[8148:13888:0418/235003.298:VERBOSE1:video_capture_oracle.cc(250)] Client rejects proposal to capture frame (at #112).
[8148:13888:0418/235003.321:VERBOSE1:video_capture_oracle.cc(250)] Client rejects proposal to capture frame (at #112).
[8148:13888:0418/235003.321:VERBOSE1:video_capture_oracle.cc(250)] Client rejects proposal to capture frame (at #112).
[8148:13888:0418/235003.345:VERBOSE1:video_capture_oracle.cc(250)] Client rejects proposal to capture frame (at #112).
[8148:13888:0418/235003.360:VERBOSE1:video_capture_oracle.cc(250)] Client rejects proposal to capture frame (at #112).
[8148:13888:0418/235003.377:VERBOSE1:video_capture_oracle.cc(250)] Client rejects proposal to capture frame (at #112).
[8148:13888:0418/235003.423:VERBOSE1:video_capture_oracle.cc(250)] Client rejects proposal to capture frame (at #114).
[8148:13888:0418/235003.454:VERBOSE1:video_capture_oracle.cc(250)] Client rejects proposal to capture frame (at #114).
[8148:13888:0418/235003.455:VERBOSE1:video_capture_oracle.cc(250)] Client rejects proposal to capture frame (at #114).
[8148:13888:0418/235003.486:VERBOSE1:video_capture_oracle.cc(250)] Client rejects proposal to capture frame (at #114).
[8148:13888:0418/235003.504:VERBOSE1:video_capture_oracle.cc(250)] Client rejects proposal to capture frame (at #114).
[8148:13888:0418/235003.510:VERBOSE1:video_capture_oracle.cc(250)] Client rejects proposal to capture frame (at #114).
[8148:13888:0418/235003.532:VERBOSE1:video_capture_oracle.cc(250)] Client rejects proposal to capture frame (at #114).
[8148:13888:0418/235003.546:VERBOSE1:video_capture_oracle.cc(250)] Client rejects proposal to capture frame (at #114).
[8148:13888:0418/235003.561:VERBOSE1:video_capture_oracle.cc(250)] Client rejects proposal to capture frame (at #114).
[8148:13888:0418/235003.577:VERBOSE1:video_capture_oracle.cc(250)] Client rejects proposal to capture frame (at #114).
[8148:13888:0418/235003.592:VERBOSE1:video_capture_oracle.cc(250)] Client rejects proposal to capture frame (at #114).
[8148:13888:0418/235003.609:VERBOSE1:video_capture_oracle.cc(250)] Client rejects proposal to capture frame (at #114).
[8148:13888:0418/235003.624:VERBOSE1:video_capture_oracle.cc(250)] Client rejects proposal to capture frame (at #114).
[8148:13888:0418/235003.639:VERBOSE1:video_capture_oracle.cc(250)] Client rejects proposal to capture frame (at #114).
[8148:13888:0418/235003.672:VERBOSE1:video_capture_oracle.cc(250)] Client rejects proposal to capture frame (at #114).
[8148:13888:0418/235003.685:VERBOSE1:video_capture_oracle.cc(250)] Client rejects proposal to capture frame (at #114).
[8148:13888:0418/235003.703:VERBOSE1:video_capture_oracle.cc(250)] Client rejects proposal to capture frame (at #114).
[8148:13888:0418/235003.749:VERBOSE1:video_capture_oracle.cc(250)] Client rejects proposal to capture frame (at #116).
[8148:13888:0418/235003.775:VERBOSE1:video_capture_oracle.cc(250)] Client rejects proposal to capture frame (at #116).
[8148:13888:0418/235003.781:VERBOSE1:video_capture_oracle.cc(250)] Client rejects proposal to capture frame (at #116).
[8148:13888:0418/235003.888:VERBOSE1:video_capture_oracle.cc(250)] Client rejects proposal to capture frame (at #116).
[8148:13888:0418/235003.919:VERBOSE1:video_capture_oracle.cc(250)] Client rejects proposal to capture frame (at #116).
[8148:13888:0418/235003.935:VERBOSE1:video_capture_oracle.cc(250)] Client rejects proposal to capture frame (at #116).
[8148:13888:0418/235003.952:VERBOSE1:video_capture_oracle.cc(250)] Client rejects proposal to capture frame (at #116).
[8148:13888:0418/235003.969:VERBOSE1:video_capture_oracle.cc(250)] Client rejects proposal to capture frame (at #116).
[8148:13888:0418/235003.984:VERBOSE1:video_capture_oracle.cc(250)] Client rejects proposal to capture frame (at #116).
[8148:13888:0418/235003.998:VERBOSE1:video_capture_oracle.cc(250)] Client rejects proposal to capture frame (at #116).
[8148:13888:0418/235004.013:VERBOSE1:video_capture_oracle.cc(250)] Client rejects proposal to capture frame (at #116).
[8148:13888:0418/235004.028:VERBOSE1:video_capture_oracle.cc(250)] Client rejects proposal to capture frame (at #116).
[8148:13888:0418/235004.098:VERBOSE1:video_capture_oracle.cc(250)] Client rejects proposal to capture frame (at #119).
[8148:13888:0418/235004.108:VERBOSE1:video_capture_oracle.cc(250)] Client rejects proposal to capture frame (at #119).
[8148:13888:0418/235004.124:VERBOSE1:video_capture_oracle.cc(250)] Client rejects proposal to capture frame (at #119).
[8148:13888:0418/235004.152:VERBOSE1:video_capture_oracle.cc(250)] Client rejects proposal to capture frame (at #119).
[8148:13888:0418/235004.171:VERBOSE1:video_capture_oracle.cc(250)] Client rejects proposal to capture frame (at #119).
[8148:13888:0418/235004.185:VERBOSE1:video_capture_oracle.cc(250)] Client rejects proposal to capture frame (at #119).
[8148:13888:0418/235004.200:VERBOSE1:video_capture_oracle.cc(250)] Client rejects proposal to capture frame (at #119).
[8148:13888:0418/235004.217:VERBOSE1:video_capture_oracle.cc(250)] Client rejects proposal to capture frame (at #119).
[8148:13888:0418/235004.233:VERBOSE1:video_capture_oracle.cc(250)] Client rejects proposal to capture frame (at #119).
[8148:13888:0418/235004.247:VERBOSE1:video_capture_oracle.cc(250)] Client rejects proposal to capture frame (at #119).
[8148:13888:0418/235004.263:VERBOSE1:video_capture_oracle.cc(250)] Client rejects proposal to capture frame (at #119).
[8148:13888:0418/235004.279:VERBOSE1:video_capture_oracle.cc(250)] Client rejects proposal to capture frame (at #119).
[8148:13888:0418/235004.297:VERBOSE1:video_capture_oracle.cc(250)] Client rejects proposal to capture frame (at #119).
[8148:13888:0418/235004.318:VERBOSE1:video_capture_oracle.cc(250)] Client rejects proposal to capture frame (at #119).
[8148:13888:0418/235004.330:VERBOSE1:video_capture_oracle.cc(250)] Client rejects proposal to capture frame (at #119).
[8148:13888:0418/235004.350:VERBOSE1:video_capture_oracle.cc(250)] Client rejects proposal to capture frame (at #119).
[8148:13888:0418/235004.363:VERBOSE1:video_capture_oracle.cc(250)] Client rejects proposal to capture frame (at #119).
[8148:13888:0418/235004.446:VERBOSE1:video_capture_oracle.cc(250)] Client rejects proposal to capture frame (at #123).
[8148:13888:0418/235004.467:VERBOSE1:video_capture_oracle.cc(250)] Client rejects proposal to capture frame (at #123).
[8148:13888:0418/235004.482:VERBOSE1:video_capture_oracle.cc(250)] Client rejects proposal to capture frame (at #123).
[8148:13888:0418/235004.498:VERBOSE1:video_capture_oracle.cc(250)] Client rejects proposal to capture frame (at #123).
[8148:13888:0418/235004.519:VERBOSE1:video_capture_oracle.cc(250)] Client rejects proposal to capture frame (at #123).
[8148:13888:0418/235004.536:VERBOSE1:video_capture_oracle.cc(250)] Client rejects proposal to capture frame (at #123).
[8148:13888:0418/235004.551:VERBOSE1:video_capture_oracle.cc(250)] Client rejects proposal to capture frame (at #123).
[8148:13888:0418/235004.566:VERBOSE1:video_capture_oracle.cc(250)] Client rejects proposal to capture frame (at #123).
[8148:13888:0418/235004.576:VERBOSE1:video_capture_oracle.cc(250)] Client rejects proposal to capture frame (at #123).
[8148:13888:0418/235004.592:VERBOSE1:video_capture_oracle.cc(250)] Client rejects proposal to capture frame (at #123).
[8148:13888:0418/235004.612:VERBOSE1:video_capture_oracle.cc(250)] Client rejects proposal to capture frame (at #123).
[8148:13888:0418/235005.691:VERBOSE1:video_capture_oracle.cc(250)] Client rejects proposal to capture frame (at #131).
[8148:13888:0418/235005.898:VERBOSE1:video_capture_oracle.cc(250)] Client rejects proposal to capture frame (at #135).
[8148:13888:0418/235005.906:VERBOSE1:video_capture_oracle.cc(250)] Client rejects proposal to capture frame (at #135).
[8148:13888:0418/235211.664:VERBOSE1:video_capture_oracle.cc(250)] Client rejects proposal to capture frame (at #662).
[8148:13888:0418/235211.732:VERBOSE1:video_capture_oracle.cc(250)] Client rejects proposal to capture frame (at #665).
[8148:13888:0418/235211.748:VERBOSE1:video_capture_oracle.cc(250)] Client rejects proposal to capture frame (at #665).
[8148:13888:0418/235211.864:VERBOSE1:video_capture_oracle.cc(250)] Client rejects proposal to capture frame (at #671).
[8148:13888:0418/235211.884:VERBOSE1:video_capture_oracle.cc(250)] Client rejects proposal to capture frame (at #671).
[8148:13888:0418/235211.899:VERBOSE1:video_capture_oracle.cc(250)] Client rejects proposal to capture frame (at #671).
[8148:13888:0418/235211.967:VERBOSE1:video_capture_oracle.cc(250)] Client rejects proposal to capture frame (at #674).
[8148:13888:0418/235211.982:VERBOSE1:video_capture_oracle.cc(250)] Client rejects proposal to capture frame (at #674).
[8148:13888:0418/235212.049:VERBOSE1:video_capture_oracle.cc(250)] Client rejects proposal to capture frame (at #677).
[8148:13888:0418/235212.115:VERBOSE1:video_capture_oracle.cc(250)] Client rejects proposal to capture frame (at #680).
[8148:13888:0418/235212.166:VERBOSE1:video_capture_oracle.cc(250)] Client rejects proposal to capture frame (at #682).
[8148:13888:0418/235212.196:VERBOSE1:video_capture_oracle.cc(250)] Client rejects proposal to capture frame (at #682).
[8148:13888:0418/235212.263:VERBOSE1:video_capture_oracle.cc(250)] Client rejects proposal to capture frame (at #685).
[8148:13888:0418/235212.480:VERBOSE1:video_capture_oracle.cc(250)] Client rejects proposal to capture frame (at #693).
[8148:13888:0418/235212.546:VERBOSE1:video_capture_oracle.cc(250)] Client rejects proposal to capture frame (at #696).
[8148:13888:0418/235256.055:VERBOSE1:video_capture_oracle.cc(250)] Client rejects proposal to capture frame (at #1207).
[8148:13888:0418/235256.071:VERBOSE1:video_capture_oracle.cc(250)] Client rejects proposal to capture frame (at #1207).
[8148:13888:0418/235256.087:VERBOSE1:video_capture_oracle.cc(250)] Client rejects proposal to capture frame (at #1207).
[8148:13888:0418/235256.103:VERBOSE1:video_capture_oracle.cc(250)] Client rejects proposal to capture frame (at #1207).
[8148:13888:0418/235256.119:VERBOSE1:video_capture_oracle.cc(250)] Client rejects proposal to capture frame (at #1207).
[8148:13888:0418/235256.135:VERBOSE1:video_capture_oracle.cc(250)] Client rejects proposal to capture frame (at #1207).
[8148:13888:0418/235300.745:VERBOSE1:video_capture_oracle.cc(250)] Client rejects proposal to capture frame (at #1221).
[8148:13888:0418/235300.761:VERBOSE1:video_capture_oracle.cc(250)] Client rejects proposal to capture frame (at #1221).
[8148:13888:0418/235300.778:VERBOSE1:video_capture_oracle.cc(250)] Client rejects proposal to capture frame (at #1221).
[8148:13888:0418/235300.795:VERBOSE1:video_capture_oracle.cc(250)] Client rejects proposal to capture frame (at #1221).
[8148:13888:0418/235300.811:VERBOSE1:video_capture_oracle.cc(250)] Client rejects proposal to capture frame (at #1221).
[8148:13888:0418/235300.830:VERBOSE1:video_capture_oracle.cc(250)] Client rejects proposal to capture frame (at #1221).
[8148:13888:0419/000613.982:VERBOSE1:video_capture_oracle.cc(250)] Client rejects proposal to capture frame (at #2178).
[8148:13888:0419/000613.998:VERBOSE1:video_capture_oracle.cc(250)] Client rejects proposal to capture frame (at #2178).
[8148:13888:0419/000614.015:VERBOSE1:video_capture_oracle.cc(250)] Client rejects proposal to capture frame (at #2178).
[8148:13888:0419/000614.030:VERBOSE1:video_capture_oracle.cc(250)] Client rejects proposal to capture frame (at #2178).
[8148:13888:0419/000614.047:VERBOSE1:video_capture_oracle.cc(250)] Client rejects proposal to capture frame (at #2178).
[8148:13888:0419/000614.062:VERBOSE1:video_capture_oracle.cc(250)] Client rejects proposal to capture frame (at #2178).
[8148:13888:0419/000614.278:VERBOSE1:video_capture_oracle.cc(250)] Client rejects proposal to capture frame (at #2178).
